# JRE version: Java(TM) SE Runtime Environment (9.0+11) (build 9.0.1+11)
# Java VM: Java HotSpot(TM) 64-Bit Server VM (9.0.1+11, mixed mode, tiered, compressed oops, g1 gc, windows-amd64)
Heap:
 garbage-first heap   total 454656K, used 301271K [0x00000006c0c00000, 0x00000006c0d00de0, 0x00000007c0000000)
  region size 1024K, 130 young (133120K), 1 survivors (1024K)
 Metaspace       used 43436K, capacity 44570K, committed 44800K, reserved 1089536K
  class space    used 5362K, capacity 5609K, committed 5632K, reserved 1048576K
GC Heap History (10 events):
Event: 851.113 GC heap before
{Heap before GC invocations=2845 (full 0):
 garbage-first heap   total 454656K, used 405717K [0x00000006c0c00000, 0x00000006c0d00de0, 0x00000007c0000000)
  region size 1024K, 231 young (236544K), 1 survivors (1024K)
 Metaspace       used 43436K, capacity 44570K, committed 44800K, reserved 1089536K
  class space    used 5362K, capacity 5609K, committed 5632K, reserved 1048576K
}
Event: 851.114 GC heap after
{Heap after GC invocations=2846 (full 0):
 garbage-first heap   total 454656K, used 170197K [0x00000006c0c00000, 0x00000006c0d00de0, 0x00000007c0000000)
  region size 1024K, 1 young (1024K), 1 survivors (1024K)
 Metaspace       used 43436K, capacity 44570K, committed 44800K, reserved 1089536K
  class space    used 5362K, capacity 5609K, committed 5632K, reserved 1048576K
}
Event: 851.405 GC heap before
{Heap before GC invocations=2846 (full 0):
 garbage-first heap   total 454656K, used 405717K [0x00000006c0c00000, 0x00000006c0d00de0, 0x00000007c0000000)
  region size 1024K, 231 young (236544K), 1 survivors (1024K)
 Metaspace       used 43436K, capacity 44570K, committed 44800K, reserved 1089536K
  class space    used 5362K, capacity 5609K, committed 5632K, reserved 1048576K
}
Event: 851.406 GC heap after
{Heap after GC invocations=2847 (full 0):
 garbage-first heap   total 454656K, used 170197K [0x00000006c0c00000, 0x00000006c0d00de0, 0x00000007c0000000)
  region size 1024K, 1 young (1024K), 1 survivors (1024K)
 Metaspace       used 43436K, capacity 44570K, committed 44800K, reserved 1089536K
  class space    used 5362K, capacity 5609K, committed 5632K, reserved 1048576K
}
Event: 851.693 GC heap before
{Heap before GC invocations=2847 (full 0):
 garbage-first heap   total 454656K, used 405717K [0x00000006c0c00000, 0x00000006c0d00de0, 0x00000007c0000000)
  region size 1024K, 231 young (236544K), 1 survivors (1024K)
 Metaspace       used 43436K, capacity 44570K, committed 44800K, reserved 1089536K
  class space    used 5362K, capacity 5609K, committed 5632K, reserved 1048576K
}
Event: 851.694 GC heap after
{Heap after GC invocations=2848 (full 0):
 garbage-first heap   total 454656K, used 170199K [0x00000006c0c00000, 0x00000006c0d00de0, 0x00000007c0000000)
  region size 1024K, 1 young (1024K), 1 survivors (1024K)
 Metaspace       used 43436K, capacity 44570K, committed 44800K, reserved 1089536K
  class space    used 5362K, capacity 5609K, committed 5632K, reserved 1048576K
}
Event: 852.004 GC heap before
{Heap before GC invocations=2848 (full 0):
 garbage-first heap   total 454656K, used 405719K [0x00000006c0c00000, 0x00000006c0d00de0, 0x00000007c0000000)
  region size 1024K, 231 young (236544K), 1 survivors (1024K)
 Metaspace       used 43436K, capacity 44570K, committed 44800K, reserved 1089536K
  class space    used 5362K, capacity 5609K, committed 5632K, reserved 1048576K
}
Event: 852.005 GC heap after
{Heap after GC invocations=2849 (full 0):
 garbage-first heap   total 454656K, used 170199K [0x00000006c0c00000, 0x00000006c0d00de0, 0x00000007c0000000)
  region size 1024K, 1 young (1024K), 1 survivors (1024K)
 Metaspace       used 43436K, capacity 44570K, committed 44800K, reserved 1089536K
  class space    used 5362K, capacity 5609K, committed 5632K, reserved 1048576K
}
Event: 852.297 GC heap before
{Heap before GC invocations=2849 (full 0):
 garbage-first heap   total 454656K, used 405719K [0x00000006c0c00000, 0x00000006c0d00de0, 0x00000007c0000000)
  region size 1024K, 231 young (236544K), 1 survivors (1024K)
 Metaspace       used 43436K, capacity 44570K, committed 44800K, reserved 1089536K
  class space    used 5362K, capacity 5609K, committed 5632K, reserved 1048576K
}
Event: 852.298 GC heap after
{Heap after GC invocations=2850 (full 0):
 garbage-first heap   total 454656K, used 170199K [0x00000006c0c00000, 0x00000006c0d00de0, 0x00000007c0000000)
  region size 1024K, 1 young (1024K), 1 survivors (1024K)
 Metaspace       used 43436K, capacity 44570K, committed 44800K, reserved 1089536K
  class space    used 5362K, capacity 5609K, committed 5632K, reserved 1048576K
}

