# JRE version: Java(TM) SE Runtime Environment (8.0_202-b08) (build 1.8.0_202-b08)
# Java VM: Java HotSpot(TM) 64-Bit Server VM (25.202-b08 mixed mode windows-amd64 compressed oops)
Heap:
 PSYoungGen      total 365568K, used 278374K [0x000000076ab00000, 0x0000000789780000, 0x00000007c0000000)
  eden space 294400K, 94% used [0x000000076ab00000,0x000000077bad9820,0x000000077ca80000)
  from space 71168K, 0% used [0x0000000781080000,0x0000000781080000,0x0000000785600000)
  to   space 71680K, 0% used [0x000000077ca80000,0x000000077ca80000,0x0000000781080000)
 ParOldGen       total 298496K, used 121149K [0x00000006c0000000, 0x00000006d2380000, 0x000000076ab00000)
  object space 298496K, 40% used [0x00000006c0000000,0x00000006c764f7e8,0x00000006d2380000)
 Metaspace       used 40860K, capacity 41848K, committed 42160K, reserved 1085440K
  class space    used 5263K, capacity 5488K, committed 5552K, reserved 1048576K
GC Heap History (10 events):
Event: 9.337 GC heap before
{Heap before GC invocations=6 (full 1):
 PSYoungGen      total 141824K, used 10749K [0x000000076ab00000, 0x000000077e100000, 0x00000007c0000000)
  eden space 131072K, 0% used [0x000000076ab00000,0x000000076ab00000,0x0000000772b00000)
  from space 10752K, 99% used [0x0000000772b00000,0x000000077357f440,0x0000000773580000)
  to   space 27648K, 0% used [0x000000077c600000,0x000000077c600000,0x000000077e100000)
 ParOldGen       total 175104K, used 26284K [0x00000006c0000000, 0x00000006cab00000, 0x000000076ab00000)
  object space 175104K, 15% used [0x00000006c0000000,0x00000006c19ab290,0x00000006cab00000)
 Metaspace       used 21049K, capacity 21168K, committed 21296K, reserved 1067008K
  class space    used 2804K, capacity 2842K, committed 2864K, reserved 1048576K
Event: 9.692 GC heap after
Heap after GC invocations=6 (full 1):
 PSYoungGen      total 141824K, used 0K [0x000000076ab00000, 0x000000077e100000, 0x00000007c0000000)
  eden space 131072K, 0% used [0x000000076ab00000,0x000000076ab00000,0x0000000772b00000)
  from space 10752K, 0% used [0x0000000772b00000,0x0000000772b00000,0x0000000773580000)
  to   space 27648K, 0% used [0x000000077c600000,0x000000077c600000,0x000000077e100000)
 ParOldGen       total 146432K, used 35938K [0x00000006c0000000, 0x00000006c8f00000, 0x000000076ab00000)
  object space 146432K, 24% used [0x00000006c0000000,0x00000006c23189a8,0x00000006c8f00000)
 Metaspace       used 21049K, capacity 21168K, committed 21296K, reserved 1067008K
  class space    used 2804K, capacity 2842K, committed 2864K, reserved 1048576K
}
Event: 12.426 GC heap before
{Heap before GC invocations=7 (full 1):
 PSYoungGen      total 141824K, used 131072K [0x000000076ab00000, 0x000000077e100000, 0x00000007c0000000)
  eden space 131072K, 100% used [0x000000076ab00000,0x0000000772b00000,0x0000000772b00000)
  from space 10752K, 0% used [0x0000000772b00000,0x0000000772b00000,0x0000000773580000)
  to   space 27648K, 0% used [0x000000077c600000,0x000000077c600000,0x000000077e100000)
 ParOldGen       total 146432K, used 35938K [0x00000006c0000000, 0x00000006c8f00000, 0x000000076ab00000)
  object space 146432K, 24% used [0x00000006c0000000,0x00000006c23189d0,0x00000006c8f00000)
 Metaspace       used 28276K, capacity 28696K, committed 28848K, reserved 1075200K
  class space    used 3860K, capacity 3973K, committed 4016K, reserved 1048576K
Event: 12.453 GC heap after
Heap after GC invocations=7 (full 1):
 PSYoungGen      total 225792K, used 27637K [0x000000076ab00000, 0x000000077e100000, 0x00000007c0000000)
  eden space 198144K, 0% used [0x000000076ab00000,0x000000076ab00000,0x0000000776c80000)
  from space 27648K, 99% used [0x000000077c600000,0x000000077e0fd648,0x000000077e100000)
  to   space 40960K, 0% used [0x0000000779100000,0x0000000779100000,0x000000077b900000)
 ParOldGen       total 146432K, used 51118K [0x00000006c0000000, 0x00000006c8f00000, 0x000000076ab00000)
  object space 146432K, 34% used [0x00000006c0000000,0x00000006c31ebae8,0x00000006c8f00000)
 Metaspace       used 28276K, capacity 28696K, committed 28848K, reserved 1075200K
  class space    used 3860K, capacity 3973K, committed 4016K, reserved 1048576K
}
Event: 14.211 GC heap before
{Heap before GC invocations=8 (full 1):
 PSYoungGen      total 225792K, used 225781K [0x000000076ab00000, 0x000000077e100000, 0x00000007c0000000)
  eden space 198144K, 100% used [0x000000076ab00000,0x0000000776c80000,0x0000000776c80000)
  from space 27648K, 99% used [0x000000077c600000,0x000000077e0fd648,0x000000077e100000)
  to   space 40960K, 0% used [0x0000000779100000,0x0000000779100000,0x000000077b900000)
 ParOldGen       total 146432K, used 51122K [0x00000006c0000000, 0x00000006c8f00000, 0x000000076ab00000)
  object space 146432K, 34% used [0x00000006c0000000,0x00000006c31ecb30,0x00000006c8f00000)
 Metaspace       used 33321K, capacity 33876K, committed 34096K, reserved 1079296K
  class space    used 4485K, capacity 4638K, committed 4656K, reserved 1048576K
Event: 14.258 GC heap after
Heap after GC invocations=8 (full 1):
 PSYoungGen      total 276480K, used 40954K [0x000000076ab00000, 0x0000000785600000, 0x00000007c0000000)
  eden space 235520K, 0% used [0x000000076ab00000,0x000000076ab00000,0x0000000779100000)
  from space 40960K, 99% used [0x0000000779100000,0x000000077b8fea28,0x000000077b900000)
  to   space 71168K, 0% used [0x0000000781080000,0x0000000781080000,0x0000000785600000)
 ParOldGen       total 146432K, used 96140K [0x00000006c0000000, 0x00000006c8f00000, 0x000000076ab00000)
  object space 146432K, 65% used [0x00000006c0000000,0x00000006c5de3268,0x00000006c8f00000)
 Metaspace       used 33321K, capacity 33876K, committed 34096K, reserved 1079296K
  class space    used 4485K, capacity 4638K, committed 4656K, reserved 1048576K
}
Event: 14.757 GC heap before
{Heap before GC invocations=9 (full 1):
 PSYoungGen      total 276480K, used 92718K [0x000000076ab00000, 0x0000000785600000, 0x00000007c0000000)
  eden space 235520K, 21% used [0x000000076ab00000,0x000000076dd8ce88,0x0000000779100000)
  from space 40960K, 99% used [0x0000000779100000,0x000000077b8fea28,0x000000077b900000)
  to   space 71168K, 0% used [0x0000000781080000,0x0000000781080000,0x0000000785600000)
 ParOldGen       total 146432K, used 96140K [0x00000006c0000000, 0x00000006c8f00000, 0x000000076ab00000)
  object space 146432K, 65% used [0x00000006c0000000,0x00000006c5de3268,0x00000006c8f00000)
 Metaspace       used 34818K, capacity 35376K, committed 35496K, reserved 1079296K
  class space    used 4692K, capacity 4872K, committed 4912K, reserved 1048576K
Event: 14.791 GC heap after
Heap after GC invocations=9 (full 1):
 PSYoungGen      total 365568K, used 42249K [0x000000076ab00000, 0x0000000789780000, 0x00000007c0000000)
  eden space 294400K, 0% used [0x000000076ab00000,0x000000076ab00000,0x000000077ca80000)
  from space 71168K, 59% used [0x0000000781080000,0x00000007839c25a0,0x0000000785600000)
  to   space 71680K, 0% used [0x000000077ca80000,0x000000077ca80000,0x0000000781080000)
 ParOldGen       total 146432K, used 96148K [0x00000006c0000000, 0x00000006c8f00000, 0x000000076ab00000)
  object space 146432K, 65% used [0x00000006c0000000,0x00000006c5de5268,0x00000006c8f00000)
 Metaspace       used 34818K, capacity 35376K, committed 35496K, reserved 1079296K
  class space    used 4692K, capacity 4872K, committed 4912K, reserved 1048576K
}
Event: 14.791 GC heap before
{Heap before GC invocations=10 (full 2):
 PSYoungGen      total 365568K, used 42249K [0x000000076ab00000, 0x0000000789780000, 0x00000007c0000000)
  eden space 294400K, 0% used [0x000000076ab00000,0x000000076ab00000,0x000000077ca80000)
  from space 71168K, 59% used [0x0000000781080000,0x00000007839c25a0,0x0000000785600000)
  to   space 71680K, 0% used [0x000000077ca80000,0x000000077ca80000,0x0000000781080000)
 ParOldGen       total 146432K, used 96148K [0x00000006c0000000, 0x00000006c8f00000, 0x000000076ab00000)
  object space 146432K, 65% used [0x00000006c0000000,0x00000006c5de5268,0x00000006c8f00000)
 Metaspace       used 34818K, capacity 35376K, committed 35496K, reserved 1079296K
  class space    used 4692K, capacity 4872K, committed 4912K, reserved 1048576K
Event: 15.029 GC heap after
Heap after GC invocations=10 (full 2):
 PSYoungGen      total 365568K, used 0K [0x000000076ab00000, 0x0000000789780000, 0x00000007c0000000)
  eden space 294400K, 0% used [0x000000076ab00000,0x000000076ab00000,0x000000077ca80000)
  from space 71168K, 0% used [0x0000000781080000,0x0000000781080000,0x0000000785600000)
  to   space 71680K, 0% used [0x000000077ca80000,0x000000077ca80000,0x0000000781080000)
 ParOldGen       total 298496K, used 121149K [0x00000006c0000000, 0x00000006d2380000, 0x000000076ab00000)
  object space 298496K, 40% used [0x00000006c0000000,0x00000006c764f7e8,0x00000006d2380000)
 Metaspace       used 34818K, capacity 35376K, committed 35496K, reserved 1079296K
  class space    used 4692K, capacity 4872K, committed 4912K, reserved 1048576K
}

