# JRE version: Java(TM) SE Runtime Environment (9.0+11) (build 9.0.1+11)
# Java VM: Java HotSpot(TM) 64-Bit Server VM (9.0.1+11, mixed mode, tiered, compressed oops, g1 gc, windows-amd64)
Heap:
 garbage-first heap   total 454656K, used 402394K [0x00000006c0c00000, 0x00000006c0d00de0, 0x00000007c0000000)
  region size 1024K, 266 young (272384K), 1 survivors (1024K)
 Metaspace       used 43245K, capacity 44476K, committed 44616K, reserved 1087488K
  class space    used 5387K, capacity 5664K, committed 5760K, reserved 1048576K
GC Heap History (10 events):
Event: 18.620 GC heap after
{Heap after GC invocations=52 (full 0):
 garbage-first heap   total 454656K, used 130992K [0x00000006c0c00000, 0x00000006c0d00de0, 0x00000007c0000000)
  region size 1024K, 1 young (1024K), 1 survivors (1024K)
 Metaspace       used 43196K, capacity 44406K, committed 44616K, reserved 1087488K
  class space    used 5387K, capacity 5663K, committed 5760K, reserved 1048576K
}
Event: 18.866 GC heap before
{Heap before GC invocations=52 (full 0):
 garbage-first heap   total 454656K, used 402352K [0x00000006c0c00000, 0x00000006c0d00de0, 0x00000007c0000000)
  region size 1024K, 266 young (272384K), 1 survivors (1024K)
 Metaspace       used 43200K, capacity 44406K, committed 44616K, reserved 1087488K
  class space    used 5387K, capacity 5663K, committed 5760K, reserved 1048576K
}
Event: 18.867 GC heap after
{Heap after GC invocations=53 (full 0):
 garbage-first heap   total 454656K, used 131012K [0x00000006c0c00000, 0x00000006c0d00de0, 0x00000007c0000000)
  region size 1024K, 1 young (1024K), 1 survivors (1024K)
 Metaspace       used 43200K, capacity 44406K, committed 44616K, reserved 1087488K
  class space    used 5387K, capacity 5663K, committed 5760K, reserved 1048576K
}
Event: 19.113 GC heap before
{Heap before GC invocations=53 (full 0):
 garbage-first heap   total 454656K, used 402372K [0x00000006c0c00000, 0x00000006c0d00de0, 0x00000007c0000000)
  region size 1024K, 266 young (272384K), 1 survivors (1024K)
 Metaspace       used 43203K, capacity 44406K, committed 44616K, reserved 1087488K
  class space    used 5387K, capacity 5663K, committed 5760K, reserved 1048576K
}
Event: 19.114 GC heap after
{Heap after GC invocations=54 (full 0):
 garbage-first heap   total 454656K, used 131015K [0x00000006c0c00000, 0x00000006c0d00de0, 0x00000007c0000000)
  region size 1024K, 1 young (1024K), 1 survivors (1024K)
 Metaspace       used 43203K, capacity 44406K, committed 44616K, reserved 1087488K
  class space    used 5387K, capacity 5663K, committed 5760K, reserved 1048576K
}
Event: 19.366 GC heap before
{Heap before GC invocations=54 (full 0):
 garbage-first heap   total 454656K, used 402375K [0x00000006c0c00000, 0x00000006c0d00de0, 0x00000007c0000000)
  region size 1024K, 266 young (272384K), 1 survivors (1024K)
 Metaspace       used 43204K, capacity 44406K, committed 44616K, reserved 1087488K
  class space    used 5387K, capacity 5663K, committed 5760K, reserved 1048576K
}
Event: 19.367 GC heap after
{Heap after GC invocations=55 (full 0):
 garbage-first heap   total 454656K, used 131018K [0x00000006c0c00000, 0x00000006c0d00de0, 0x00000007c0000000)
  region size 1024K, 1 young (1024K), 1 survivors (1024K)
 Metaspace       used 43204K, capacity 44406K, committed 44616K, reserved 1087488K
  class space    used 5387K, capacity 5663K, committed 5760K, reserved 1048576K
}
Event: 19.622 GC heap before
{Heap before GC invocations=55 (full 0):
 garbage-first heap   total 454656K, used 402378K [0x00000006c0c00000, 0x00000006c0d00de0, 0x00000007c0000000)
  region size 1024K, 266 young (272384K), 1 survivors (1024K)
 Metaspace       used 43227K, capacity 44406K, committed 44616K, reserved 1087488K
  class space    used 5387K, capacity 5663K, committed 5760K, reserved 1048576K
}
Event: 19.623 GC heap after
{Heap after GC invocations=56 (full 0):
 garbage-first heap   total 454656K, used 131034K [0x00000006c0c00000, 0x00000006c0d00de0, 0x00000007c0000000)
  region size 1024K, 1 young (1024K), 1 survivors (1024K)
 Metaspace       used 43227K, capacity 44406K, committed 44616K, reserved 1087488K
  class space    used 5387K, capacity 5663K, committed 5760K, reserved 1048576K
}
Event: 19.878 GC heap before
{Heap before GC invocations=56 (full 0):
 garbage-first heap   total 454656K, used 402394K [0x00000006c0c00000, 0x00000006c0d00de0, 0x00000007c0000000)
  region size 1024K, 266 young (272384K), 1 survivors (1024K)
 Metaspace       used 43245K, capacity 44476K, committed 44616K, reserved 1087488K
  class space    used 5387K, capacity 5664K, committed 5760K, reserved 1048576K
}

